============================= test session starts =============================
platform win32 -- Python 3.11.9, pytest-9.0.2, pluggy-1.6.0
rootdir: C:\Users\Sameer\OneDrive\Desktop\AI_Interview_Backend
configfile: pytest.ini
plugins: anyio-4.12.1, langsmith-0.6.6, asyncio-1.3.0
asyncio: mode=Mode.AUTO, debug=False, asyncio_default_fixture_loop_scope=None, asyncio_default_test_loop_scope=function
collected 24 items

tests\integration\test_candidate_router.py ..                            [  8%]
tests\integration\test_flow.py .                                         [ 12%]
tests\unit\test_cascade_delete.py ...F

================================== FAILURES ===================================
_________ TestCascadeDelete.test_delete_candidate_cascades_interviews _________
tests\unit\test_cascade_delete.py:136: in test_delete_candidate_cascades_interviews
    assert remaining is None
E   AssertionError: assert InterviewSession(is_suspended=False, start_time=None, id=1, admin_id=1, end_time=None, suspension_reason=None, status=...ation_minutes=60, warning_count=0, max_warnings=3, max_questions=None, access_token='f33e708a5a0d41baa1a272e495e7a5f6') is None
=========================== short test summary info ===========================
FAILED tests/unit/test_cascade_delete.py::TestCascadeDelete::test_delete_candidate_cascades_interviews
!!!!!!!!!!!!!!!!!!!!!!!!!! stopping after 1 failures !!!!!!!!!!!!!!!!!!!!!!!!!!
========================= 1 failed, 6 passed in 2.54s =========================
