......F.F..F............                                                 [100%]
================================== FAILURES ===================================
E   AssertionError: assert InterviewSession(start_time=None, is_suspended=False, id=1, suspension_reason=None, admin_id=1, end_time=None, candida...ation_minutes=60, warning_count=0, max_warnings=3, access_token='9838fe618fc545ca8d5a9110d11b04aa', max_questions=None) is None
C:\Users\Sameer\OneDrive\Desktop\AI_Interview_Backend\tests\unit\test_cascade_delete.py:136: AssertionError: assert InterviewSession(start_time=None, is_suspended=False, id=1, suspension_reason=None, admin_id=1, end_time=None, candida...ation_minutes=60, warning_count=0, max_warnings=3, access_token='9838fe618fc545ca8d5a9110d11b04aa', max_questions=None) is None
E   KeyError: 'detail'
C:\Users\Sameer\OneDrive\Desktop\AI_Interview_Backend\tests\unit\test_cascade_delete.py:154: KeyError: 'detail'
E   AssertionError: Expected 'build_model' to be called once. Called 0 times.
C:\Users\Sameer\AppData\Local\Programs\Python\Python311\Lib\unittest\mock.py:950: AssertionError: Expected 'build_model' to be called once. Called 0 times.
=========================== short test summary info ===========================
FAILED tests/unit/test_cascade_delete.py::TestCascadeDelete::test_delete_candidate_cascades_interviews
FAILED tests/unit/test_cascade_delete.py::TestCascadeDelete::test_cannot_delete_self
FAILED tests/unit/test_cloud_robustness.py::test_face_recognizer_builds_sface_even_on_cloud
3 failed, 21 passed in 3.05s
